d:\coursestudying\cs164\homework_solution\scc\scc\debug\vc140.pdb
d:\coursestudying\cs164\homework_solution\scc\scc\debug\vc140.idb
d:\coursestudying\cs164\homework_solution\scc\scc\debug\yywcserr.obj
d:\coursestudying\cs164\homework_solution\scc\scc\debug\yywcsin.obj
d:\coursestudying\cs164\homework_solution\scc\scc\debug\yywcsskp.obj
d:\coursestudying\cs164\homework_solution\scc\scc\debug\yywcsssz.obj
d:\coursestudying\cs164\homework_solution\scc\scc\debug\yywcstsz.obj
d:\coursestudying\cs164\homework_solution\scc\scc\debug\yywcstv.obj
d:\coursestudying\cs164\homework_solution\scc\scc\debug\yywcsup.obj
d:\coursestudying\cs164\homework_solution\scc\scc\debug\yywcsusz.obj
d:\coursestudying\cs164\homework_solution\scc\scc\debug\yywcucin.obj
d:\coursestudying\cs164\homework_solution\scc\scc\debug\yywcunp.obj
d:\coursestudying\cs164\homework_solution\scc\scc\debug\yywcvtlv.obj
d:\coursestudying\cs164\homework_solution\scc\scc\debug\yywcvts.obj
d:\coursestudying\cs164\homework_solution\scc\scc\debug\yywcwipe.obj
d:\coursestudying\cs164\homework_solution\scc\scc\debug\yywcwrap.obj
d:\coursestudying\cs164\homework_solution\scc\scc\debug\yywcwrk.obj
d:\coursestudying\cs164\homework_solution\scc\scc\debug\yywcwrkc.obj
d:\coursestudying\cs164\homework_solution\scc\scc\debug\tablenode.obj
d:\coursestudying\cs164\homework_solution\scc\scc\debug\yywcldes.obj
d:\coursestudying\cs164\homework_solution\scc\scc\debug\yywclerr.obj
d:\coursestudying\cs164\homework_solution\scc\scc\debug\yywcless.obj
d:\coursestudying\cs164\homework_solution\scc\scc\debug\yywclex.obj
d:\coursestudying\cs164\homework_solution\scc\scc\debug\yywclexc.obj
d:\coursestudying\cs164\homework_solution\scc\scc\debug\yywclvts.obj
d:\coursestudying\cs164\homework_solution\scc\scc\debug\yywclvtv.obj
d:\coursestudying\cs164\homework_solution\scc\scc\debug\yywcnewa.obj
d:\coursestudying\cs164\homework_solution\scc\scc\debug\yywcoutp.obj
d:\coursestudying\cs164\homework_solution\scc\scc\debug\yywcpar.obj
d:\coursestudying\cs164\homework_solution\scc\scc\debug\yywcpcln.obj
d:\coursestudying\cs164\homework_solution\scc\scc\debug\yywcpcon.obj
d:\coursestudying\cs164\homework_solution\scc\scc\debug\yywcpcre.obj
d:\coursestudying\cs164\homework_solution\scc\scc\debug\yywcpdbg.obj
d:\coursestudying\cs164\homework_solution\scc\scc\debug\yywcpdes.obj
d:\coursestudying\cs164\homework_solution\scc\scc\debug\yywcperr.obj
d:\coursestudying\cs164\homework_solution\scc\scc\debug\yywcpop.obj
d:\coursestudying\cs164\homework_solution\scc\scc\debug\yywcpp.obj
d:\coursestudying\cs164\homework_solution\scc\scc\debug\yywcpush.obj
d:\coursestudying\cs164\homework_solution\scc\scc\debug\yywcres.obj
d:\coursestudying\cs164\homework_solution\scc\scc\debug\yyacwip.obj
d:\coursestudying\cs164\homework_solution\scc\scc\debug\yyacwrap.obj
d:\coursestudying\cs164\homework_solution\scc\scc\debug\yyacwrk.obj
d:\coursestudying\cs164\homework_solution\scc\scc\debug\yyacwrkc.obj
d:\coursestudying\cs164\homework_solution\scc\scc\debug\yywcback.obj
d:\coursestudying\cs164\homework_solution\scc\scc\debug\yywccpya.obj
d:\coursestudying\cs164\homework_solution\scc\scc\debug\yywcdci.obj
d:\coursestudying\cs164\homework_solution\scc\scc\debug\yywcdcic.obj
d:\coursestudying\cs164\homework_solution\scc\scc\debug\yywcdela.obj
d:\coursestudying\cs164\homework_solution\scc\scc\debug\yywcdisc.obj
d:\coursestudying\cs164\homework_solution\scc\scc\debug\yywcdop.obj
d:\coursestudying\cs164\homework_solution\scc\scc\debug\yywcdpop.obj
d:\coursestudying\cs164\homework_solution\scc\scc\debug\yywcecho.obj
d:\coursestudying\cs164\homework_solution\scc\scc\debug\yywcgetc.obj
d:\coursestudying\cs164\homework_solution\scc\scc\debug\yywcgtok.obj
d:\coursestudying\cs164\homework_solution\scc\scc\debug\yywcinp.obj
d:\coursestudying\cs164\homework_solution\scc\scc\debug\yywclcln.obj
d:\coursestudying\cs164\homework_solution\scc\scc\debug\yywclcon.obj
d:\coursestudying\cs164\homework_solution\scc\scc\debug\yywclcre.obj
d:\coursestudying\cs164\homework_solution\scc\scc\debug\yywcldbg.obj
d:\coursestudying\cs164\homework_solution\scc\scc\debug\yyacperr.obj
d:\coursestudying\cs164\homework_solution\scc\scc\debug\yyacpop.obj
d:\coursestudying\cs164\homework_solution\scc\scc\debug\yyacpp.obj
d:\coursestudying\cs164\homework_solution\scc\scc\debug\yyacpush.obj
d:\coursestudying\cs164\homework_solution\scc\scc\debug\yyacres.obj
d:\coursestudying\cs164\homework_solution\scc\scc\debug\yyacserr.obj
d:\coursestudying\cs164\homework_solution\scc\scc\debug\yyacsin.obj
d:\coursestudying\cs164\homework_solution\scc\scc\debug\yyacsskp.obj
d:\coursestudying\cs164\homework_solution\scc\scc\debug\yyacsssz.obj
d:\coursestudying\cs164\homework_solution\scc\scc\debug\yyacstsz.obj
d:\coursestudying\cs164\homework_solution\scc\scc\debug\yyacstv.obj
d:\coursestudying\cs164\homework_solution\scc\scc\debug\yyacsup.obj
d:\coursestudying\cs164\homework_solution\scc\scc\debug\yyacsusz.obj
d:\coursestudying\cs164\homework_solution\scc\scc\debug\yyacucin.obj
d:\coursestudying\cs164\homework_solution\scc\scc\debug\yyacunp.obj
d:\coursestudying\cs164\homework_solution\scc\scc\debug\yyacvtlv.obj
d:\coursestudying\cs164\homework_solution\scc\scc\debug\yyacvts.obj
d:\coursestudying\cs164\homework_solution\scc\scc\debug\yyacinp.obj
d:\coursestudying\cs164\homework_solution\scc\scc\debug\yyaclcln.obj
d:\coursestudying\cs164\homework_solution\scc\scc\debug\yyaclcon.obj
d:\coursestudying\cs164\homework_solution\scc\scc\debug\yyaclcre.obj
d:\coursestudying\cs164\homework_solution\scc\scc\debug\yyacldbg.obj
d:\coursestudying\cs164\homework_solution\scc\scc\debug\yyacldes.obj
d:\coursestudying\cs164\homework_solution\scc\scc\debug\yyaclerr.obj
d:\coursestudying\cs164\homework_solution\scc\scc\debug\yyacless.obj
d:\coursestudying\cs164\homework_solution\scc\scc\debug\yyaclex.obj
d:\coursestudying\cs164\homework_solution\scc\scc\debug\yyaclexc.obj
d:\coursestudying\cs164\homework_solution\scc\scc\debug\yyaclvts.obj
d:\coursestudying\cs164\homework_solution\scc\scc\debug\yyaclvtv.obj
d:\coursestudying\cs164\homework_solution\scc\scc\debug\yyacnewa.obj
d:\coursestudying\cs164\homework_solution\scc\scc\debug\yyacoutp.obj
d:\coursestudying\cs164\homework_solution\scc\scc\debug\yyacpar.obj
d:\coursestudying\cs164\homework_solution\scc\scc\debug\yyacpcln.obj
d:\coursestudying\cs164\homework_solution\scc\scc\debug\yyacpcon.obj
d:\coursestudying\cs164\homework_solution\scc\scc\debug\yyacpcre.obj
d:\coursestudying\cs164\homework_solution\scc\scc\debug\yyacpdbg.obj
d:\coursestudying\cs164\homework_solution\scc\scc\debug\yyacpdes.obj
d:\coursestudying\cs164\homework_solution\scc\scc\debug\grammartree.obj
d:\coursestudying\cs164\homework_solution\scc\scc\debug\mylexer.obj
d:\coursestudying\cs164\homework_solution\scc\scc\debug\myparser.obj
d:\coursestudying\cs164\homework_solution\scc\scc\debug\yyacback.obj
d:\coursestudying\cs164\homework_solution\scc\scc\debug\yyaccpya.obj
d:\coursestudying\cs164\homework_solution\scc\scc\debug\yyacdci.obj
d:\coursestudying\cs164\homework_solution\scc\scc\debug\yyacdcic.obj
d:\coursestudying\cs164\homework_solution\scc\scc\debug\yyacdela.obj
d:\coursestudying\cs164\homework_solution\scc\scc\debug\yyacdisc.obj
d:\coursestudying\cs164\homework_solution\scc\scc\debug\yyacdop.obj
d:\coursestudying\cs164\homework_solution\scc\scc\debug\yyacdpop.obj
d:\coursestudying\cs164\homework_solution\scc\scc\debug\yyacecho.obj
d:\coursestudying\cs164\homework_solution\scc\scc\debug\yyacgetc.obj
d:\coursestudying\cs164\homework_solution\scc\scc\debug\yyacgtok.obj
d:\coursestudying\cs164\homework_solution\scc\scc\debug\scc.tlog\cl.command.1.tlog
d:\coursestudying\cs164\homework_solution\scc\scc\debug\scc.tlog\cl.read.1.tlog
d:\coursestudying\cs164\homework_solution\scc\scc\debug\scc.tlog\cl.write.1.tlog
